<?xml version="1.0" encoding="UTF-8"?>
<!-- Generated by org.testng.reporters.JUnitReportReporter -->
<testsuite hostname="Aditya" failures="0" tests="2" name="pack2.Org_Test" time="0.011" errors="0" timestamp="2025-07-23T10:35:40 IST" skipped="0">
  <testcase classname="pack2.Org_Test" name="createOrg_Test" time="0.010"/>
  <testcase classname="pack2.Org_Test" name="modifyOrg_Test" time="0.001"/>
</testsuite> <!-- pack2.Org_Test -->
