<?xml version="1.0" encoding="UTF-8"?>
<!-- Generated by org.testng.reporters.JUnitReportReporter -->
<testsuite hostname="Aditya" failures="0" tests="1" name="pack2.Org_Test" time="0.005" errors="0" timestamp="2025-07-30T15:26:59 IST" skipped="0">
  <testcase classname="pack2.Org_Test" name="modifyOrg_Test" time="0.005"/>
</testsuite> <!-- pack2.Org_Test -->
