<?xml version="1.0" encoding="UTF-8"?>
<!-- Generated by org.testng.reporters.JUnitReportReporter -->
<testsuite hostname="Aditya" failures="0" tests="2" name="pac1.Contact_Test" time="0.005" errors="0" timestamp="2025-07-23T11:18:32 IST" skipped="0">
  <testcase classname="pac1.Contact_Test" name="createContact_Test" time="0.005"/>
  <testcase classname="pac1.Contact_Test" name="modifyContact_Test" time="0.000"/>
</testsuite> <!-- pac1.Contact_Test -->
