<?xml version="1.0" encoding="UTF-8"?>
<!-- Generated by org.testng.reporters.JUnitReportReporter -->
<testsuite hostname="Aditya" failures="0" tests="3" name="pack1.Contact_Test" time="0.005" errors="0" timestamp="2025-07-30T15:39:09 IST" skipped="0">
  <testcase classname="pack1.Contact_Test" name="deleteContact_Test" time="0.000"/>
  <testcase classname="pack1.Contact_Test" name="modifyContact_Test" time="0.000"/>
  <testcase classname="pack1.Contact_Test" name="createContact_Test" time="0.005"/>
</testsuite> <!-- pack1.Contact_Test -->
